<?xml version="1.0" encoding="UTF-8"?>
<testng-results ignored="0" total="1" passed="1" failed="0" skipped="0">
  <reporter-output>
  </reporter-output>
  <suite started-at="2022-08-21T09:32:12 IST" name="Suite" finished-at="2022-08-21T09:32:18 IST" duration-ms="6116">
    <groups>
    </groups>
    <test started-at="2022-08-21T09:32:12 IST" name="Test" finished-at="2022-08-21T09:32:18 IST" duration-ms="6116">
      <class name="com.Test.Test_tc_001">
        <test-method is-config="true" signature="BS()[pri:0, instance:com.Test.Test_tc_001@c9d0d6]" started-at="2022-08-21T09:32:11 IST" name="BS" finished-at="2022-08-21T09:32:12 IST" duration-ms="906" status="PASS">
          <reporter-output>
          </reporter-output>
        </test-method> <!-- BS -->
        <test-method is-config="true" signature="setUp()[pri:0, instance:com.Test.Test_tc_001@c9d0d6]" started-at="2022-08-21T09:32:12 IST" name="setUp" finished-at="2022-08-21T09:32:16 IST" duration-ms="4383" status="PASS">
          <reporter-output>
          </reporter-output>
        </test-method> <!-- setUp -->
        <test-method signature="verify_TestLogin_validCredential()[pri:0, instance:com.Test.Test_tc_001@c9d0d6]" started-at="2022-08-21T09:32:16 IST" name="verify_TestLogin_validCredential" finished-at="2022-08-21T09:32:17 IST" duration-ms="281" status="PASS">
          <reporter-output>
          </reporter-output>
        </test-method> <!-- verify_TestLogin_validCredential -->
        <test-method is-config="true" signature="tearDown()[pri:0, instance:com.Test.Test_tc_001@c9d0d6]" started-at="2022-08-21T09:32:18 IST" name="tearDown" finished-at="2022-08-21T09:32:18 IST" duration-ms="352" status="PASS">
          <reporter-output>
          </reporter-output>
        </test-method> <!-- tearDown -->
      </class> <!-- com.Test.Test_tc_001 -->
    </test> <!-- Test -->
  </suite> <!-- Suite -->
</testng-results>
